Determining if the epoll_pwait2 exist failed with the following output:
Change Dir: /sapmnt/home/I754057/cpp_proj/build/CMakeFiles/CMakeTmp

Run Build Command(s):/usr/bin/gmake cmTC_602fb/fast && /usr/bin/gmake -f CMakeFiles/cmTC_602fb.dir/build.make CMakeFiles/cmTC_602fb.dir/build
gmake[1]: Entering directory '/sapmnt/home/I754057/cpp_proj/build/CMakeFiles/CMakeTmp'
Building CXX object CMakeFiles/cmTC_602fb.dir/CheckSymbolExists.cxx.o
/usr/bin/c++    -std=gnu++1z -o CMakeFiles/cmTC_602fb.dir/CheckSymbolExists.cxx.o -c /sapmnt/home/I754057/cpp_proj/build/CMakeFiles/CMakeTmp/CheckSymbolExists.cxx
/sapmnt/home/I754057/cpp_proj/build/CMakeFiles/CMakeTmp/CheckSymbolExists.cxx: In function ‘int main(int, char**)’:
/sapmnt/home/I754057/cpp_proj/build/CMakeFiles/CMakeTmp/CheckSymbolExists.cxx:8:19: error: ‘epoll_pwait2’ was not declared in this scope
   return ((int*)(&epoll_pwait2))[argc];
                   ^~~~~~~~~~~~
/sapmnt/home/I754057/cpp_proj/build/CMakeFiles/CMakeTmp/CheckSymbolExists.cxx:8:19: note: suggested alternative: ‘epoll_pwait’
   return ((int*)(&epoll_pwait2))[argc];
                   ^~~~~~~~~~~~
                   epoll_pwait
gmake[1]: *** [CMakeFiles/cmTC_602fb.dir/build.make:83: CMakeFiles/cmTC_602fb.dir/CheckSymbolExists.cxx.o] Error 1
gmake[1]: Leaving directory '/sapmnt/home/I754057/cpp_proj/build/CMakeFiles/CMakeTmp'
gmake: *** [Makefile:138: cmTC_602fb/fast] Error 2


File /sapmnt/home/I754057/cpp_proj/build/CMakeFiles/CMakeTmp/CheckSymbolExists.cxx:
/* */
#include <sys/epoll.h>

int main(int argc, char** argv)
{
  (void)argv;
#ifndef epoll_pwait2
  return ((int*)(&epoll_pwait2))[argc];
#else
  (void)argc;
  return 0;
#endif
}
Performing C++ SOURCE FILE Test CMAKE_HAVE_LIBC_PTHREAD failed with the following output:
Change Dir: /sapmnt/home/I754057/cpp_proj/build/CMakeFiles/CMakeTmp

Run Build Command(s):/usr/bin/gmake cmTC_53fb7/fast && /usr/bin/gmake -f CMakeFiles/cmTC_53fb7.dir/build.make CMakeFiles/cmTC_53fb7.dir/build
gmake[1]: Entering directory '/sapmnt/home/I754057/cpp_proj/build/CMakeFiles/CMakeTmp'
Building CXX object CMakeFiles/cmTC_53fb7.dir/src.cxx.o
/usr/bin/c++    -DCMAKE_HAVE_LIBC_PTHREAD   -std=gnu++1z -o CMakeFiles/cmTC_53fb7.dir/src.cxx.o -c /sapmnt/home/I754057/cpp_proj/build/CMakeFiles/CMakeTmp/src.cxx
Linking CXX executable cmTC_53fb7
/usr/bin/cmake -E cmake_link_script CMakeFiles/cmTC_53fb7.dir/link.txt --verbose=1
/usr/bin/c++   -DCMAKE_HAVE_LIBC_PTHREAD    CMakeFiles/cmTC_53fb7.dir/src.cxx.o  -o cmTC_53fb7 
/usr/lib64/gcc/x86_64-suse-linux/7/../../../../x86_64-suse-linux/bin/ld: CMakeFiles/cmTC_53fb7.dir/src.cxx.o: in function `main':
src.cxx:(.text+0x2d): undefined reference to `pthread_create'
/usr/lib64/gcc/x86_64-suse-linux/7/../../../../x86_64-suse-linux/bin/ld: src.cxx:(.text+0x39): undefined reference to `pthread_detach'
/usr/lib64/gcc/x86_64-suse-linux/7/../../../../x86_64-suse-linux/bin/ld: src.cxx:(.text+0x45): undefined reference to `pthread_cancel'
/usr/lib64/gcc/x86_64-suse-linux/7/../../../../x86_64-suse-linux/bin/ld: src.cxx:(.text+0x56): undefined reference to `pthread_join'
/usr/lib64/gcc/x86_64-suse-linux/7/../../../../x86_64-suse-linux/bin/ld: src.cxx:(.text+0x6a): undefined reference to `pthread_atfork'
collect2: error: ld returned 1 exit status
gmake[1]: *** [CMakeFiles/cmTC_53fb7.dir/build.make:104: cmTC_53fb7] Error 1
gmake[1]: Leaving directory '/sapmnt/home/I754057/cpp_proj/build/CMakeFiles/CMakeTmp'
gmake: *** [Makefile:138: cmTC_53fb7/fast] Error 2


Source file was:
#include <pthread.h>

void* test_func(void* data)
{
  return data;
}

int main(void)
{
  pthread_t thread;
  pthread_create(&thread, NULL, test_func, NULL);
  pthread_detach(thread);
  pthread_cancel(thread);
  pthread_join(thread, NULL);
  pthread_atfork(NULL, NULL, NULL);
  pthread_exit(NULL);

  return 0;
}

Determining if the function pthread_create exists in the pthreads failed with the following output:
Change Dir: /sapmnt/home/I754057/cpp_proj/build/CMakeFiles/CMakeTmp

Run Build Command(s):/usr/bin/gmake cmTC_f368f/fast && /usr/bin/gmake -f CMakeFiles/cmTC_f368f.dir/build.make CMakeFiles/cmTC_f368f.dir/build
gmake[1]: Entering directory '/sapmnt/home/I754057/cpp_proj/build/CMakeFiles/CMakeTmp'
Building CXX object CMakeFiles/cmTC_f368f.dir/CheckFunctionExists.cxx.o
/usr/bin/c++    -DCHECK_FUNCTION_EXISTS=pthread_create   -std=gnu++1z -o CMakeFiles/cmTC_f368f.dir/CheckFunctionExists.cxx.o -c /sapmnt/home/I754057/cpp_proj/build/CMakeFiles/CheckLibraryExists/CheckFunctionExists.cxx
Linking CXX executable cmTC_f368f
/usr/bin/cmake -E cmake_link_script CMakeFiles/cmTC_f368f.dir/link.txt --verbose=1
/usr/bin/c++   -DCHECK_FUNCTION_EXISTS=pthread_create    CMakeFiles/cmTC_f368f.dir/CheckFunctionExists.cxx.o  -o cmTC_f368f  -lpthreads 
/usr/lib64/gcc/x86_64-suse-linux/7/../../../../x86_64-suse-linux/bin/ld: cannot find -lpthreads: No such file or directory
collect2: error: ld returned 1 exit status
gmake[1]: *** [CMakeFiles/cmTC_f368f.dir/build.make:104: cmTC_f368f] Error 1
gmake[1]: Leaving directory '/sapmnt/home/I754057/cpp_proj/build/CMakeFiles/CMakeTmp'
gmake: *** [Makefile:138: cmTC_f368f/fast] Error 2



